 JobID: enj01-0-5488d0b2
 BatchMin V9.9     Build   99109  Starting Time 10-Dec-2014 18:01:07
 MacroModel. Copyright Schrodinger, LLC.
 All rights reserved.

 Input filename:  test.mae
 Output filename: test-out.maegz
 Atom-type file: /n/sw/schrodinger/mmshare-v20109/bin/Linux-x86_64/../../data/atom.typ
 Force field: /n/sw/schrodinger/macromodel-v99109/bin/Linux-x86_64/../../data/OPLS_2005.fld
 Read     5 atoms. Structure name, if any, appears on next line: 
 Single Point of MeCl at G2
 Quality of Force Field Parameters in Use:
   Numbers of high, medium and low quality stretch parameters =    4    0    0
   Numbers of high, medium and low quality bend parameters =    6    0    0
   Interactions examined:         10 of         10 total, including unused params.
      Stretch total=        4   constrained=        0
         Bend total=        6   constrained=        0        linear=        0
      Torsion total=        0   constrained=        0  out-of-plane=        0
    Nonbonded total=        0      H-bonded=        0      ordinary=        0
  Nonbonded cutoffs: CutVdw=   8.00    ;  CutEs=   20.0    
 Solvent file: /n/sw/schrodinger/macromodel-v99109/bin/Linux-x86_64/../../data/octanol.slv
    Block specifies desired NFIELD -- accepting block
 Starting conjugate gradient minimization.
                   Total Energy =       -5.4260 kJ/mol
                        Stretch =        2.1532 kJ/mol
                           Bend =        1.0356 kJ/mol
                        Torsion =        0.0000 kJ/mol
               Improper Torsion =        0.0000 kJ/mol
                            VDW =        0.0000 kJ/mol
                  Electrostatic =        0.0000 kJ/mol
        Explicit Hydrogen Bonds =        0.0000 kJ/mol
                    Cross Terms =        0.0000 kJ/mol
                    Solvation =       -8.6147 kJ/mol
  
 T.E. for cross-checking:        -5.4260 kJ/mol
Iter=    20  Move(A)=  0.376895 E(kJ/mol)=  -7.696496     Grad=  0.2662628E-04
 Minimization converged; gradient = 0.266E-04 .LT.  0.100E-01
                   Total Energy =       -8.1273 kJ/mol
                        Stretch =        0.0022 kJ/mol
                           Bend =        0.9664 kJ/mol
                        Torsion =        0.0000 kJ/mol
               Improper Torsion =        0.0000 kJ/mol
                            VDW =        0.0000 kJ/mol
                  Electrostatic =        0.0000 kJ/mol
        Explicit Hydrogen Bonds =        0.0000 kJ/mol
                    Cross Terms =        0.0000 kJ/mol
                    Solvation =       -9.0959 kJ/mol
  
 T.E. for cross-checking:        -8.1273 kJ/mol
 Iterations =          20  out of        50000
 Conf    1 E =      -8.127 (  0.000) kJ/mol
 Total number of structures processed =           1
 
BatchMin: normal termination                           10-Dec-2014 18:01:07

real	0m0.775s
user	0m0.354s
sys	0m0.065s
